


ARM Macro Assembler    Page 1 


    1 00000000         ;*******************************************************
                       ***********************
    2 00000000         ;
    3 00000000         ;                               STARTUP CODE
    4 00000000         ;                                
    5 00000000         ;                             KEIL's uVision3 
    6 00000000         ;                   (RealView Microprocessor Developer K
                       it)
    7 00000000         ;
    8 00000000         ; Filename      : init.s
    9 00000000         ;*******************************************************
                       ***********************
   10 00000000         
   11 00000000                 PRESERVE8
   12 00000000                 AREA             INIT, CODE, READONLY ; Name thi
                                                            s block of code    
                                                                               
                                                                        ;
   13 00000000                 THUMB
   14 00000000         
   15 00000000         ;*******************************************************
                       ***********************
   16 00000000         ;                                  IMPORTS
   17 00000000         ;*******************************************************
                       ***********************
   18 00000000         
   19 00000000                 IMPORT           __main
   20 00000000         
   21 00000000         ;*******************************************************
                       ***********************
   22 00000000         ;                                  EXPORTS
   23 00000000         ;*******************************************************
                       ***********************
   24 00000000         
   25 00000000                 EXPORT           ResetHndlr
   26 00000000         
   27 00000000         ;//bhs -------------------------------------------------
                       ---------------------------------------
   28 00000000                 EXPORT           __BASEPRICONFIG ;//bhs
   29 00000000                 EXPORT           __GetBASEPRI
   30 00000000                 EXPORT           __RESETFAULTMASK
   31 00000000                 EXPORT           __RESETPRIMASK
   32 00000000                 EXPORT           __SETFAULTMASK
   33 00000000                 EXPORT           __SETPRIMASK
   34 00000000                 EXPORT           __WFI
   35 00000000                 EXPORT           __WFE
   36 00000000         
   37 00000000         
   38 00000000         
   39 00000000         ;*******************************************************
                       ***********************
   40 00000000         ;                                DEFINITIONS
   41 00000000         ;*******************************************************
                       ***********************
   42 00000000         
   43 00000000         
   44 00000000         ;*******************************************************
                       ***********************
   45 00000000         ;                             PERFORM ROM/RAM REMAPPING



ARM Macro Assembler    Page 2 


   46 00000000         ;*******************************************************
                       ***********************                
   47 00000000         
   48 00000000                 ENTRY
   49 00000000         ;*******************************************************
                       ************************
   50 00000000         ; Function Name  : __BASEPRICONFIG
   51 00000000         ; Description    : Assembler function to set the Base Pr
                       iority.
   52 00000000         ; Input          : - r0 : Base Priority new value  
   53 00000000         ; Return         : None
   54 00000000         ;*******************************************************
                       ************************
   55 00000000         __BASEPRICONFIG
   56 00000000         
   57 00000000 F380 8811       MSR              BASEPRI, r0
   58 00000004 4770            BX               r14
   59 00000006         
   60 00000006         ;*******************************************************
                       ************************
   61 00000006         ; Function Name  : __GetBASEPRI
   62 00000006         ; Description    : Assembler function to get the Base Pr
                       iority value.
   63 00000006         ; Input          : None 
   64 00000006         ; Return         : - r0 : Base Priority value 
   65 00000006         ;*******************************************************
                       ************************
   66 00000006         __GetBASEPRI
   67 00000006         
   68 00000006 F3EF 8012       MRS              r0, BASEPRI_MAX
   69 0000000A 4770            BX               r14
   70 0000000C         
   71 0000000C         ;*******************************************************
                       ************************
   72 0000000C         ; Function Name  : __RESETFAULTMASK
   73 0000000C         ; Description    : Assembler function to reset the FAULT
                       MASK.
   74 0000000C         ; Input          : None 
   75 0000000C         ; Return         : None
   76 0000000C         ;*******************************************************
                       ************************
   77 0000000C         __RESETFAULTMASK
   78 0000000C         
   79 0000000C B661            CPSIE            f
   80 0000000E 4770            BX               r14
   81 00000010         
   82 00000010         
   83 00000010         ;*******************************************************
                       ************************
   84 00000010         ; Function Name  : __RESETPRIMASK
   85 00000010         ; Description    : Assembler function to reset the PRIMA
                       SK.
   86 00000010         ; Input          : None 
   87 00000010         ; Return         : None
   88 00000010         ;*******************************************************
                       ************************
   89 00000010         __RESETPRIMASK
   90 00000010         
   91 00000010 B662            CPSIE            i



ARM Macro Assembler    Page 3 


   92 00000012 4770            BX               r14
   93 00000014         
   94 00000014         ;*******************************************************
                       ************************
   95 00000014         ; Function Name  : __SETFAULTMASK
   96 00000014         ; Description    : Assembler function to set the FAULTMA
                       SK.
   97 00000014         ; Input          : None 
   98 00000014         ; Return         : None
   99 00000014         ;*******************************************************
                       ************************
  100 00000014         __SETFAULTMASK
  101 00000014         
  102 00000014 B671            CPSID            f
  103 00000016 4770            BX               r14
  104 00000018         
  105 00000018         ;*******************************************************
                       ************************
  106 00000018         ; Function Name  : __SETPRIMASK
  107 00000018         ; Description    : Assembler function to set the PRIMASK
                       .
  108 00000018         ; Input          : None 
  109 00000018         ; Return         : None
  110 00000018         ;*******************************************************
                       ************************
  111 00000018         __SETPRIMASK
  112 00000018         
  113 00000018 B672            CPSID            i
  114 0000001A 4770            BX               r14
  115 0000001C         
  116 0000001C         ;*******************************************************
                       ************************
  117 0000001C         ; Function Name  : __WFI
  118 0000001C         ; Description    : Assembler function for the WFI instru
                       ction.
  119 0000001C         ; Input          : None
  120 0000001C         ; Return         : None
  121 0000001C         ;*******************************************************
                       ************************
  122 0000001C         __WFI
  123 0000001C         
  124 0000001C BF30            WFI
  125 0000001E 4770            BX               r14
  126 00000020         
  127 00000020         ;*******************************************************
                       ************************
  128 00000020         ; Function Name  : __WFE
  129 00000020         ; Description    : Assembler function for the WFE instru
                       ction.
  130 00000020         ; Input          : None
  131 00000020         ; Return         : None
  132 00000020         ;*******************************************************
                       ************************
  133 00000020         __WFE
  134 00000020         
  135 00000020 BF20            WFE
  136 00000022 4770            BX               r14
  137 00000024         
  138 00000024         ;//bhs -------------------------------------------------



ARM Macro Assembler    Page 4 


                       ---------------------------------------
  139 00000024         
  140 00000024         ResetHndlr
  141 00000024         
  142 00000024         ;*******************************************************
                       ***********************
  143 00000024         ;                              SETUP STACK POINTERS
  144 00000024         ;*******************************************************
                       ***********************
  145 00000024         
  146 00000024         
  147 00000024         ;*******************************************************
                       ***********************
  148 00000024         ;                                   MOVE TO MAIN
  149 00000024         ;*******************************************************
                       ***********************
  150 00000024 4800            ldr              r0, =__main
  151 00000026 4700            bx               r0          ; Save this in regi
                                                            ster for possible l
                                                            ong jump           
                                                               ;
  152 00000028         
  153 00000028                 ALIGN
  154 00000028                 END
              00000000 
Command Line: --debug --xref --diag_suppress=9931 --cpu=Cortex-M3 --apcs=interw
ork --depend=..\objects\init.d -o..\objects\init.o -I.\RTE\_ucOSll -I"D:\Progra
m Files (x86)\keil\keil5\Keil\STM32F1xx_DFP\2.3.0\Device\Include" -I"D:\Program
 Files (x86)\keil\keil5\ARM\CMSIS\Include" --predefine="__MICROLIB SETA 1" --pr
edefine="__UVISION_VERSION SETA 529" --predefine="STM32F10X_MD SETA 1" --list=.
.\listings\init.lst ..\bsp\init.s



ARM Macro Assembler    Page 1 Alphabetic symbol ordering
Relocatable symbols

INIT 00000000

Symbol: INIT
   Definitions
      At line 12 in file ..\bsp\init.s
   Uses
      None
Comment: INIT unused
ResetHndlr 00000024

Symbol: ResetHndlr
   Definitions
      At line 140 in file ..\bsp\init.s
   Uses
      At line 25 in file ..\bsp\init.s
Comment: ResetHndlr used once
__BASEPRICONFIG 00000000

Symbol: __BASEPRICONFIG
   Definitions
      At line 55 in file ..\bsp\init.s
   Uses
      At line 28 in file ..\bsp\init.s
Comment: __BASEPRICONFIG used once
__GetBASEPRI 00000006

Symbol: __GetBASEPRI
   Definitions
      At line 66 in file ..\bsp\init.s
   Uses
      At line 29 in file ..\bsp\init.s
Comment: __GetBASEPRI used once
__RESETFAULTMASK 0000000C

Symbol: __RESETFAULTMASK
   Definitions
      At line 77 in file ..\bsp\init.s
   Uses
      At line 30 in file ..\bsp\init.s
Comment: __RESETFAULTMASK used once
__RESETPRIMASK 00000010

Symbol: __RESETPRIMASK
   Definitions
      At line 89 in file ..\bsp\init.s
   Uses
      At line 31 in file ..\bsp\init.s
Comment: __RESETPRIMASK used once
__SETFAULTMASK 00000014

Symbol: __SETFAULTMASK
   Definitions
      At line 100 in file ..\bsp\init.s
   Uses
      At line 32 in file ..\bsp\init.s
Comment: __SETFAULTMASK used once
__SETPRIMASK 00000018

Symbol: __SETPRIMASK



ARM Macro Assembler    Page 2 Alphabetic symbol ordering
Relocatable symbols

   Definitions
      At line 111 in file ..\bsp\init.s
   Uses
      At line 33 in file ..\bsp\init.s
Comment: __SETPRIMASK used once
__WFE 00000020

Symbol: __WFE
   Definitions
      At line 133 in file ..\bsp\init.s
   Uses
      At line 35 in file ..\bsp\init.s
Comment: __WFE used once
__WFI 0000001C

Symbol: __WFI
   Definitions
      At line 122 in file ..\bsp\init.s
   Uses
      At line 34 in file ..\bsp\init.s
Comment: __WFI used once
10 symbols



ARM Macro Assembler    Page 1 Alphabetic symbol ordering
External symbols

__main 00000000

Symbol: __main
   Definitions
      At line 19 in file ..\bsp\init.s
   Uses
      At line 150 in file ..\bsp\init.s
Comment: __main used once
1 symbol
346 symbols in table
